  Level.cpp
D:\_Work\Year 3\GADE2\Visual Studio projects\OpenGLHelloWorld\OpenGLHelloWorld\Shader.h(46,35): warning C4101: 'e': unreferenced local variable
D:\_Work\Year 3\GADE2\Visual Studio projects\OpenGLHelloWorld\OpenGLHelloWorld\Level.h(93,18): warning C4244: 'argument': conversion from 'int' to 'float', possible loss of data
D:\_Work\Year 3\GADE2\Visual Studio projects\OpenGLHelloWorld\OpenGLHelloWorld\Level.h(93,12): warning C4244: 'argument': conversion from 'int' to 'float', possible loss of data
D:\_Work\Year 3\GADE2\Visual Studio projects\OpenGLHelloWorld\OpenGLHelloWorld\Level.h(97,19): warning C4244: 'argument': conversion from 'int' to 'float', possible loss of data
D:\_Work\Year 3\GADE2\Visual Studio projects\OpenGLHelloWorld\OpenGLHelloWorld\Level.h(97,13): warning C4244: 'argument': conversion from 'int' to 'float', possible loss of data
D:\_Work\Year 3\GADE2\Visual Studio projects\OpenGLHelloWorld\OpenGLHelloWorld\Level.h(107,18): warning C4244: 'argument': conversion from 'int' to 'float', possible loss of data
D:\_Work\Year 3\GADE2\Visual Studio projects\OpenGLHelloWorld\OpenGLHelloWorld\Level.h(107,12): warning C4244: 'argument': conversion from 'int' to 'float', possible loss of data
D:\_Work\Year 3\GADE2\Visual Studio projects\OpenGLHelloWorld\OpenGLHelloWorld\Level.h(111,24): warning C4244: 'argument': conversion from 'int' to 'float', possible loss of data
D:\_Work\Year 3\GADE2\Visual Studio projects\OpenGLHelloWorld\OpenGLHelloWorld\Level.h(111,18): warning C4244: 'argument': conversion from 'int' to 'float', possible loss of data
D:\_Work\Year 3\GADE2\Visual Studio projects\OpenGLHelloWorld\OpenGLHelloWorld\Level.h(115,24): warning C4244: 'argument': conversion from 'int' to 'float', possible loss of data
D:\_Work\Year 3\GADE2\Visual Studio projects\OpenGLHelloWorld\OpenGLHelloWorld\Level.h(115,18): warning C4244: 'argument': conversion from 'int' to 'float', possible loss of data
D:\_Work\Year 3\GADE2\Visual Studio projects\OpenGLHelloWorld\OpenGLHelloWorld\Level.h(120,19): warning C4244: 'argument': conversion from 'int' to 'float', possible loss of data
  Test.cpp
D:\_Work\Year 3\GADE2\Visual Studio projects\OpenGLHelloWorld\OpenGLHelloWorld\Level.h(120,13): warning C4244: 'argument': conversion from 'int' to 'float', possible loss of data
D:\_Work\Year 3\GADE2\Visual Studio projects\OpenGLHelloWorld\OpenGLHelloWorld\Shader.h(46,35): warning C4101: 'e': unreferenced local variable
D:\_Work\Year 3\GADE2\Visual Studio projects\OpenGLHelloWorld\OpenGLHelloWorld\Mesh.h(91,1): warning C4267: 'argument': conversion from 'size_t' to 'GLsizei', possible loss of data
D:\_Work\Year 3\GADE2\Visual Studio projects\OpenGLHelloWorld\OpenGLHelloWorld\Level.h(93,18): warning C4244: 'argument': conversion from 'int' to 'float', possible loss of data
D:\_Work\Year 3\GADE2\Visual Studio projects\OpenGLHelloWorld\OpenGLHelloWorld\Level.h(93,12): warning C4244: 'argument': conversion from 'int' to 'float', possible loss of data
D:\_Work\Year 3\GADE2\Visual Studio projects\OpenGLHelloWorld\OpenGLHelloWorld\Level.h(97,19): warning C4244: 'argument': conversion from 'int' to 'float', possible loss of data
D:\_Work\Year 3\GADE2\Visual Studio projects\OpenGLHelloWorld\OpenGLHelloWorld\Level.h(97,13): warning C4244: 'argument': conversion from 'int' to 'float', possible loss of data
D:\_Work\Year 3\GADE2\Visual Studio projects\OpenGLHelloWorld\OpenGLHelloWorld\Level.h(107,18): warning C4244: 'argument': conversion from 'int' to 'float', possible loss of data
D:\_Work\Year 3\GADE2\Visual Studio projects\OpenGLHelloWorld\OpenGLHelloWorld\Level.h(107,12): warning C4244: 'argument': conversion from 'int' to 'float', possible loss of data
D:\_Work\Year 3\GADE2\Visual Studio projects\OpenGLHelloWorld\OpenGLHelloWorld\Level.h(111,24): warning C4244: 'argument': conversion from 'int' to 'float', possible loss of data
D:\_Work\Year 3\GADE2\Visual Studio projects\OpenGLHelloWorld\OpenGLHelloWorld\Level.h(111,18): warning C4244: 'argument': conversion from 'int' to 'float', possible loss of data
D:\_Work\Year 3\GADE2\Visual Studio projects\OpenGLHelloWorld\OpenGLHelloWorld\Level.h(115,24): warning C4244: 'argument': conversion from 'int' to 'float', possible loss of data
D:\_Work\Year 3\GADE2\Visual Studio projects\OpenGLHelloWorld\OpenGLHelloWorld\Level.h(115,18): warning C4244: 'argument': conversion from 'int' to 'float', possible loss of data
D:\_Work\Year 3\GADE2\Visual Studio projects\OpenGLHelloWorld\OpenGLHelloWorld\Level.h(120,19): warning C4244: 'argument': conversion from 'int' to 'float', possible loss of data
D:\_Work\Year 3\GADE2\Visual Studio projects\OpenGLHelloWorld\OpenGLHelloWorld\Level.h(120,13): warning C4244: 'argument': conversion from 'int' to 'float', possible loss of data
D:\_Work\Year 3\GADE2\Visual Studio projects\OpenGLHelloWorld\OpenGLHelloWorld\Test.cpp(280,22): warning C4244: 'initializing': conversion from 'double' to 'float', possible loss of data
D:\_Work\Year 3\GADE2\Visual Studio projects\OpenGLHelloWorld\OpenGLHelloWorld\Test.cpp(297,35): warning C4267: 'argument': conversion from 'size_t' to 'GLenum', possible loss of data
D:\_Work\Year 3\GADE2\Visual Studio projects\OpenGLHelloWorld\OpenGLHelloWorld\Test.cpp(326,46): warning C4305: 'argument': truncation from 'double' to 'float'
D:\_Work\Year 3\GADE2\Visual Studio projects\OpenGLHelloWorld\OpenGLHelloWorld\Test.cpp(327,50): warning C4305: 'argument': truncation from 'double' to 'float'
D:\_Work\Year 3\GADE2\Visual Studio projects\OpenGLHelloWorld\OpenGLHelloWorld\Test.cpp(343,71): warning C4305: 'argument': truncation from 'double' to 'float'
D:\_Work\Year 3\GADE2\Visual Studio projects\OpenGLHelloWorld\OpenGLHelloWorld\Test.cpp(344,75): warning C4305: 'argument': truncation from 'double' to 'float'
D:\_Work\Year 3\GADE2\Visual Studio projects\OpenGLHelloWorld\OpenGLHelloWorld\Test.cpp(641,34): warning C4267: '+=': conversion from 'size_t' to 'int', possible loss of data
D:\_Work\Year 3\GADE2\Visual Studio projects\OpenGLHelloWorld\OpenGLHelloWorld\Test.cpp(663,11): warning C4244: '=': conversion from 'double' to 'float', possible loss of data
D:\_Work\Year 3\GADE2\Visual Studio projects\OpenGLHelloWorld\OpenGLHelloWorld\Test.cpp(664,11): warning C4244: '=': conversion from 'double' to 'float', possible loss of data
D:\_Work\Year 3\GADE2\Visual Studio projects\OpenGLHelloWorld\OpenGLHelloWorld\Test.cpp(668,16): warning C4244: 'initializing': conversion from 'double' to 'float', possible loss of data
D:\_Work\Year 3\GADE2\Visual Studio projects\OpenGLHelloWorld\OpenGLHelloWorld\Test.cpp(669,16): warning C4244: 'initializing': conversion from 'double' to 'float', possible loss of data
D:\_Work\Year 3\GADE2\Visual Studio projects\OpenGLHelloWorld\OpenGLHelloWorld\Test.cpp(671,10): warning C4244: '=': conversion from 'double' to 'float', possible loss of data
D:\_Work\Year 3\GADE2\Visual Studio projects\OpenGLHelloWorld\OpenGLHelloWorld\Test.cpp(672,10): warning C4244: '=': conversion from 'double' to 'float', possible loss of data
  Generating Code...
D:\_Work\Year 3\GADE2\Visual Studio projects\OpenGLHelloWorld\OpenGLHelloWorld\Test.cpp(681,28): warning C4244: 'argument': conversion from 'double' to 'float', possible loss of data
  OpenGLHelloWorld.vcxproj -> D:\_Work\Year 3\GADE2\Visual Studio projects\OpenGLHelloWorld\x64\Debug\OpenGLHelloWorld.exe
