d:\_work\year 3\gade2\visual studio projects\openglhelloworld\openglhelloworld\x64\debug\vc142.pdb
d:\_work\year 3\gade2\visual studio projects\openglhelloworld\openglhelloworld\x64\debug\vc142.idb
d:\_work\year 3\gade2\visual studio projects\openglhelloworld\openglhelloworld\x64\debug\wall.obj
d:\_work\year 3\gade2\visual studio projects\openglhelloworld\openglhelloworld\x64\debug\stb_image.obj
d:\_work\year 3\gade2\visual studio projects\openglhelloworld\openglhelloworld\x64\debug\shader.obj
d:\_work\year 3\gade2\visual studio projects\openglhelloworld\openglhelloworld\x64\debug\object.obj
d:\_work\year 3\gade2\visual studio projects\openglhelloworld\openglhelloworld\x64\debug\modelclass.obj
d:\_work\year 3\gade2\visual studio projects\openglhelloworld\openglhelloworld\x64\debug\model.obj
d:\_work\year 3\gade2\visual studio projects\openglhelloworld\openglhelloworld\x64\debug\mesh.obj
d:\_work\year 3\gade2\visual studio projects\openglhelloworld\openglhelloworld\x64\debug\light.obj
d:\_work\year 3\gade2\visual studio projects\openglhelloworld\openglhelloworld\x64\debug\level.obj
d:\_work\year 3\gade2\visual studio projects\openglhelloworld\openglhelloworld\x64\debug\floor.obj
d:\_work\year 3\gade2\visual studio projects\openglhelloworld\openglhelloworld\x64\debug\door.obj
d:\_work\year 3\gade2\visual studio projects\openglhelloworld\openglhelloworld\x64\debug\camera.obj
d:\_work\year 3\gade2\visual studio projects\openglhelloworld\openglhelloworld\x64\debug\glad.obj
d:\_work\year 3\gade2\visual studio projects\openglhelloworld\openglhelloworld\x64\debug\test.obj
d:\_work\year 3\gade2\visual studio projects\openglhelloworld\openglhelloworld\x64\debug\openglhelloworld.res
d:\_work\year 3\gade2\visual studio projects\openglhelloworld\x64\debug\openglhelloworld.pdb
d:\_work\year 3\gade2\visual studio projects\openglhelloworld\x64\debug\openglhelloworld.exe
d:\_work\year 3\gade2\visual studio projects\openglhelloworld\x64\debug\openglhelloworld.ilk
d:\_work\year 3\gade2\visual studio projects\openglhelloworld\openglhelloworld\x64\debug\openglhelloworld.tlog\cl.command.1.tlog
d:\_work\year 3\gade2\visual studio projects\openglhelloworld\openglhelloworld\x64\debug\openglhelloworld.tlog\cl.read.1.tlog
d:\_work\year 3\gade2\visual studio projects\openglhelloworld\openglhelloworld\x64\debug\openglhelloworld.tlog\cl.write.1.tlog
d:\_work\year 3\gade2\visual studio projects\openglhelloworld\openglhelloworld\x64\debug\openglhelloworld.tlog\link.command.1.tlog
d:\_work\year 3\gade2\visual studio projects\openglhelloworld\openglhelloworld\x64\debug\openglhelloworld.tlog\link.read.1.tlog
d:\_work\year 3\gade2\visual studio projects\openglhelloworld\openglhelloworld\x64\debug\openglhelloworld.tlog\link.write.1.tlog
d:\_work\year 3\gade2\visual studio projects\openglhelloworld\openglhelloworld\x64\debug\openglhelloworld.tlog\rc.command.1.tlog
d:\_work\year 3\gade2\visual studio projects\openglhelloworld\openglhelloworld\x64\debug\openglhelloworld.tlog\rc.read.1.tlog
d:\_work\year 3\gade2\visual studio projects\openglhelloworld\openglhelloworld\x64\debug\openglhelloworld.tlog\rc.write.1.tlog
